ERROR - 2022-06-19 03:52:52 --> Error connecting to the database: Access denied for user ''@'localhost' (using password: NO)
CRITICAL - 2022-06-19 03:52:52 --> Unable to connect to the database.
Main connection [MySQLi]: Access denied for user ''@'localhost' (using password: NO)
in SYSTEMPATH\Database\BaseConnection.php on line 415.
 1 SYSTEMPATH\Database\BaseConnection.php(585): CodeIgniter\Database\BaseConnection->initialize()
 2 SYSTEMPATH\Database\BaseBuilder.php(1585): CodeIgniter\Database\BaseConnection->query('SELECT *
FROM `artikel`', [], false)
 3 SYSTEMPATH\Model.php(222): CodeIgniter\Database\BaseBuilder->get()
 4 SYSTEMPATH\BaseModel.php(584): CodeIgniter\Model->doFindAll(0, 0)
 5 APPPATH\Controllers\Artikel.php(10): CodeIgniter\BaseModel->findAll()
 6 SYSTEMPATH\CodeIgniter.php(898): App\Controllers\Artikel->index()
 7 SYSTEMPATH\CodeIgniter.php(468): CodeIgniter\CodeIgniter->runController(Object(App\Controllers\Artikel))
 8 SYSTEMPATH\CodeIgniter.php(351): CodeIgniter\CodeIgniter->handleRequest(null, Object(Config\Cache), false)
 9 FCPATH\index.php(55): CodeIgniter\CodeIgniter->run()
10 SYSTEMPATH\Commands\Server\rewrite.php(43): require_once('FCPATH\\index.php')
ERROR - 2022-06-19 03:53:18 --> Error connecting to the database: Access denied for user ''@'localhost' (using password: NO)
CRITICAL - 2022-06-19 03:53:18 --> Unable to connect to the database.
Main connection [MySQLi]: Access denied for user ''@'localhost' (using password: NO)
in SYSTEMPATH\Database\BaseConnection.php on line 415.
 1 SYSTEMPATH\Database\BaseConnection.php(585): CodeIgniter\Database\BaseConnection->initialize()
 2 SYSTEMPATH\Database\BaseBuilder.php(1585): CodeIgniter\Database\BaseConnection->query('SELECT *
FROM `artikel`', [], false)
 3 SYSTEMPATH\Model.php(222): CodeIgniter\Database\BaseBuilder->get()
 4 SYSTEMPATH\BaseModel.php(584): CodeIgniter\Model->doFindAll(0, 0)
 5 APPPATH\Controllers\Artikel.php(10): CodeIgniter\BaseModel->findAll()
 6 SYSTEMPATH\CodeIgniter.php(898): App\Controllers\Artikel->index()
 7 SYSTEMPATH\CodeIgniter.php(468): CodeIgniter\CodeIgniter->runController(Object(App\Controllers\Artikel))
 8 SYSTEMPATH\CodeIgniter.php(351): CodeIgniter\CodeIgniter->handleRequest(null, Object(Config\Cache), false)
 9 FCPATH\index.php(55): CodeIgniter\CodeIgniter->run()
10 SYSTEMPATH\Commands\Server\rewrite.php(43): require_once('FCPATH\\index.php')
ERROR - 2022-06-19 03:53:50 --> Error connecting to the database: Unknown database 'ci4'
CRITICAL - 2022-06-19 03:53:50 --> Unable to connect to the database.
Main connection [MySQLi]: Unknown database 'ci4'
in SYSTEMPATH\Database\BaseConnection.php on line 415.
 1 SYSTEMPATH\Database\BaseConnection.php(585): CodeIgniter\Database\BaseConnection->initialize()
 2 SYSTEMPATH\Database\BaseBuilder.php(1585): CodeIgniter\Database\BaseConnection->query('SELECT *
FROM `artikel`', [], false)
 3 SYSTEMPATH\Model.php(222): CodeIgniter\Database\BaseBuilder->get()
 4 SYSTEMPATH\BaseModel.php(584): CodeIgniter\Model->doFindAll(0, 0)
 5 APPPATH\Controllers\Artikel.php(10): CodeIgniter\BaseModel->findAll()
 6 SYSTEMPATH\CodeIgniter.php(898): App\Controllers\Artikel->index()
 7 SYSTEMPATH\CodeIgniter.php(468): CodeIgniter\CodeIgniter->runController(Object(App\Controllers\Artikel))
 8 SYSTEMPATH\CodeIgniter.php(351): CodeIgniter\CodeIgniter->handleRequest(null, Object(Config\Cache), false)
 9 FCPATH\index.php(55): CodeIgniter\CodeIgniter->run()
10 SYSTEMPATH\Commands\Server\rewrite.php(43): require_once('FCPATH\\index.php')
